# JRE version: Java(TM) SE Runtime Environment (8.0_121-b13) (build 1.8.0_121-b13)
# Java VM: Java HotSpot(TM) 64-Bit Server VM (25.121-b13 mixed mode windows-amd64 compressed oops)
Heap:
 PSYoungGen      total 38400K, used 32040K [0x00000000d5580000, 0x00000000d9000000, 0x0000000100000000)
  eden space 33280K, 81% used [0x00000000d5580000,0x00000000d70141f8,0x00000000d7600000)
  from space 5120K, 94% used [0x00000000d7600000,0x00000000d7ab5e98,0x00000000d7b00000)
  to   space 5120K, 0% used [0x00000000d8b00000,0x00000000d8b00000,0x00000000d9000000)
 ParOldGen       total 56320K, used 6129K [0x0000000080000000, 0x0000000083700000, 0x00000000d5580000)
  object space 56320K, 10% used [0x0000000080000000,0x00000000805fc770,0x0000000083700000)
 Metaspace       used 20866K, capacity 21652K, committed 21760K, reserved 1077248K
  class space    used 2805K, capacity 2982K, committed 3072K, reserved 1048576K
GC Heap History (8 events):
Event: 1.504 GC heap before
{Heap before GC invocations=1 (full 0):
 PSYoungGen      total 38400K, used 33280K [0x00000000d5580000, 0x00000000d8000000, 0x0000000100000000)
  eden space 33280K, 100% used [0x00000000d5580000,0x00000000d7600000,0x00000000d7600000)
  from space 5120K, 0% used [0x00000000d7b00000,0x00000000d7b00000,0x00000000d8000000)
  to   space 5120K, 0% used [0x00000000d7600000,0x00000000d7600000,0x00000000d7b00000)
 ParOldGen       total 87552K, used 0K [0x0000000080000000, 0x0000000085580000, 0x00000000d5580000)
  object space 87552K, 0% used [0x0000000080000000,0x0000000080000000,0x0000000085580000)
 Metaspace       used 12021K, capacity 12302K, committed 12416K, reserved 1060864K
  class space    used 1533K, capacity 1629K, committed 1664K, reserved 1048576K
Event: 1.516 GC heap after
Heap after GC invocations=1 (full 0):
 PSYoungGen      total 38400K, used 5104K [0x00000000d5580000, 0x00000000d8000000, 0x0000000100000000)
  eden space 33280K, 0% used [0x00000000d5580000,0x00000000d5580000,0x00000000d7600000)
  from space 5120K, 99% used [0x00000000d7600000,0x00000000d7afc370,0x00000000d7b00000)
  to   space 5120K, 0% used [0x00000000d7b00000,0x00000000d7b00000,0x00000000d8000000)
 ParOldGen       total 87552K, used 403K [0x0000000080000000, 0x0000000085580000, 0x00000000d5580000)
  object space 87552K, 0% used [0x0000000080000000,0x0000000080064f38,0x0000000085580000)
 Metaspace       used 12021K, capacity 12302K, committed 12416K, reserved 1060864K
  class space    used 1533K, capacity 1629K, committed 1664K, reserved 1048576K
}
Event: 1.810 GC heap before
{Heap before GC invocations=2 (full 0):
 PSYoungGen      total 38400K, used 29949K [0x00000000d5580000, 0x00000000d8000000, 0x0000000100000000)
  eden space 33280K, 74% used [0x00000000d5580000,0x00000000d6dc3090,0x00000000d7600000)
  from space 5120K, 99% used [0x00000000d7600000,0x00000000d7afc370,0x00000000d7b00000)
  to   space 5120K, 0% used [0x00000000d7b00000,0x00000000d7b00000,0x00000000d8000000)
 ParOldGen       total 87552K, used 403K [0x0000000080000000, 0x0000000085580000, 0x00000000d5580000)
  object space 87552K, 0% used [0x0000000080000000,0x0000000080064f38,0x0000000085580000)
 Metaspace       used 15420K, capacity 15850K, committed 16000K, reserved 1077248K
  class space    used 1967K, capacity 2105K, committed 2176K, reserved 1048576K
Event: 1.822 GC heap after
Heap after GC invocations=2 (full 0):
 PSYoungGen      total 38400K, used 5100K [0x00000000d5580000, 0x00000000d8000000, 0x0000000100000000)
  eden space 33280K, 0% used [0x00000000d5580000,0x00000000d5580000,0x00000000d7600000)
  from space 5120K, 99% used [0x00000000d7b00000,0x00000000d7ffb010,0x00000000d8000000)
  to   space 5120K, 0% used [0x00000000d7600000,0x00000000d7600000,0x00000000d7b00000)
 ParOldGen       total 87552K, used 1616K [0x0000000080000000, 0x0000000085580000, 0x00000000d5580000)
  object space 87552K, 1% used [0x0000000080000000,0x00000000801941c8,0x0000000085580000)
 Metaspace       used 15420K, capacity 15850K, committed 16000K, reserved 1077248K
  class space    used 1967K, capacity 2105K, committed 2176K, reserved 1048576K
}
Event: 1.822 GC heap before
{Heap before GC invocations=3 (full 1):
 PSYoungGen      total 38400K, used 5100K [0x00000000d5580000, 0x00000000d8000000, 0x0000000100000000)
  eden space 33280K, 0% used [0x00000000d5580000,0x00000000d5580000,0x00000000d7600000)
  from space 5120K, 99% used [0x00000000d7b00000,0x00000000d7ffb010,0x00000000d8000000)
  to   space 5120K, 0% used [0x00000000d7600000,0x00000000d7600000,0x00000000d7b00000)
 ParOldGen       total 87552K, used 1616K [0x0000000080000000, 0x0000000085580000, 0x00000000d5580000)
  object space 87552K, 1% used [0x0000000080000000,0x00000000801941c8,0x0000000085580000)
 Metaspace       used 15420K, capacity 15850K, committed 16000K, reserved 1077248K
  class space    used 1967K, capacity 2105K, committed 2176K, reserved 1048576K
Event: 1.858 GC heap after
Heap after GC invocations=3 (full 1):
 PSYoungGen      total 38400K, used 0K [0x00000000d5580000, 0x00000000d8000000, 0x0000000100000000)
  eden space 33280K, 0% used [0x00000000d5580000,0x00000000d5580000,0x00000000d7600000)
  from space 5120K, 0% used [0x00000000d7b00000,0x00000000d7b00000,0x00000000d8000000)
  to   space 5120K, 0% used [0x00000000d7600000,0x00000000d7600000,0x00000000d7b00000)
 ParOldGen       total 56320K, used 6121K [0x0000000080000000, 0x0000000083700000, 0x00000000d5580000)
  object space 56320K, 10% used [0x0000000080000000,0x00000000805fa770,0x0000000083700000)
 Metaspace       used 15418K, capacity 15844K, committed 16000K, reserved 1073152K
  class space    used 1967K, capacity 2104K, committed 2176K, reserved 1048576K
}
Event: 2.553 GC heap before
{Heap before GC invocations=4 (full 1):
 PSYoungGen      total 38400K, used 33280K [0x00000000d5580000, 0x00000000d8000000, 0x0000000100000000)
  eden space 33280K, 100% used [0x00000000d5580000,0x00000000d7600000,0x00000000d7600000)
  from space 5120K, 0% used [0x00000000d7b00000,0x00000000d7b00000,0x00000000d8000000)
  to   space 5120K, 0% used [0x00000000d7600000,0x00000000d7600000,0x00000000d7b00000)
 ParOldGen       total 56320K, used 6121K [0x0000000080000000, 0x0000000083700000, 0x00000000d5580000)
  object space 56320K, 10% used [0x0000000080000000,0x00000000805fa770,0x0000000083700000)
 Metaspace       used 19211K, capacity 19846K, committed 19968K, reserved 1075200K
  class space    used 2548K, capacity 2717K, committed 2816K, reserved 1048576K
Event: 2.558 GC heap after
Heap after GC invocations=4 (full 1):
 PSYoungGen      total 38400K, used 4823K [0x00000000d5580000, 0x00000000d9000000, 0x0000000100000000)
  eden space 33280K, 0% used [0x00000000d5580000,0x00000000d5580000,0x00000000d7600000)
  from space 5120K, 94% used [0x00000000d7600000,0x00000000d7ab5e98,0x00000000d7b00000)
  to   space 5120K, 0% used [0x00000000d8b00000,0x00000000d8b00000,0x00000000d9000000)
 ParOldGen       total 56320K, used 6129K [0x0000000080000000, 0x0000000083700000, 0x00000000d5580000)
  object space 56320K, 10% used [0x0000000080000000,0x00000000805fc770,0x0000000083700000)
 Metaspace       used 19211K, capacity 19846K, committed 19968K, reserved 1075200K
  class space    used 2548K, capacity 2717K, committed 2816K, reserved 1048576K
}

